Arguments: 
  C:\Program Files\nodejs\node.exe D:\Develop\node_global\node_modules\yarn\bin\yarn.js add sortablejs

PATH: 
  C:\Program Files (x86)\NetSarang\Xlpd 6\;C:\Program Files (x86)\NetSarang\Xshell 6\;C:\Program Files (x86)\NetSarang\Xmanager 6\;C:\Program Files (x86)\Common Files\Oracle\Java\javapath;C:\WINDOWS\system32;C:\WINDOWS;C:\WINDOWS\System32\Wbem;C:\WINDOWS\System32\WindowsPowerShell\v1.0\;C:\WINDOWS\System32\OpenSSH\;D:\Develop\node_global\;C:\Program Files\Git\cmd;C:\Program Files\Java\jdk1.8.0_261\bin;C:\Program Files\TortoiseSVN\bin;D:\mysql-8.0.24-winx64\bin;C:\Program Files\TortoiseGit\bin;D:\nvm;C:\Program Files\nodejs;C:\Users\XCY\AppData\Local\Microsoft\WindowsApps;C:\Program Files\JetBrains\IntelliJ IDEA 2019.3.3\bin;;D:\flutter\bin;D:\mysql-8.0.22-winx64\bin;C:\Users\XCY\AppData\Local\Android\Sdk\platform-tools;C:\Users\XCY\AppData\Local\Android\Sdk\emulator;C:\Users\XCY\AppData\Local\Android\Sdk\tools;C:\Users\XCY\AppData\Local\Android\Sdk\tools\bin;D:\nvm;C:\Program Files\nodejs;C:\Users\XCY\AppData\Local\Programs\Fiddler;D:\software\Microsoft VS Code\bin

Yarn version: 
  1.22.17

Node version: 
  14.19.0

Platform: 
  win32 x64

Trace: 
  Error: EPERM: operation not permitted, unlink 'D:\myself\vue\sourceOfGreenAdmin\node_modules\esbuild-windows-64\esbuild.exe'

npm manifest: 
  {
    "name": "vue3-element-admin",
    "version": "1.0.0",
    "scripts": {
      "dev": "vite serve --mode development",
      "build:prod": "vite build --mode production",
      "build:text": "vite build --mode text",
      "serve": "vite preview",
      "lint": "eslint src/**/*.{ts,js,vue} --fix",
      "prepare": "husky install",
      "prettier": "prettier --write ."
    },
    "dependencies": {
      "@element-plus/icons-vue": "^1.0.0",
      "@vueuse/core": "^9.1.1",
      "@wangeditor/editor": "^5.0.0",
      "@wangeditor/editor-for-vue": "^5.1.10",
      "axios": "^0.24.0",
      "better-scroll": "^2.4.2",
      "default-passive-events": "^2.0.0",
      "echarts": "^5.2.2",
      "element-plus": "^2.2.5",
      "moment": "^2.29.4",
      "nprogress": "^0.2.0",
      "path-browserify": "^1.0.1",
      "path-to-regexp": "^6.2.0",
      "pinia": "^2.0.12",
      "screenfull": "^6.0.0",
      "sortablejs": "^1.14.0",
      "vue": "^3.2.25",
      "vue-i18n": "^9.1.9",
      "vue-router": "^4.0.12"
    },
    "devDependencies": {
      "@commitlint/cli": "^16.2.3",
      "@commitlint/config-conventional": "^16.2.1",
      "@types/node": "^16.11.7",
      "@types/nprogress": "^0.2.0",
      "@types/path-browserify": "^1.0.0",
      "@typescript-eslint/eslint-plugin": "^5.19.0",
      "@typescript-eslint/parser": "^5.19.0",
      "@vitejs/plugin-vue": "^1.9.3",
      "eslint": "^8.14.0",
      "eslint-config-prettier": "^8.5.0",
      "eslint-plugin-prettier": "^4.0.0",
      "eslint-plugin-vue": "^8.6.0",
      "fast-glob": "^3.2.11",
      "husky": "^7.0.4",
      "prettier": "^2.6.2",
      "sass": "^1.43.4",
      "typescript": "^4.5.4",
      "vite": "^2.9.7",
      "vite-plugin-svg-icons": "^2.0.1",
      "vue-tsc": "^0.34.7"
    },
    "repository": "https://gitee.com/youlaiorg/vue3-element-admin.git",
    "author": "有来开源组织",
    "license": "MIT"
  }

yarn manifest: 
  No manifest

Lockfile: 
  No lockfile
